<?xml version="1.0" encoding="UTF-8"?>
<!-- Generated by org.testng.reporters.JUnitReportReporter -->
<testsuite skipped="0" hostname="LIN59017991" name="com.nopCommerce.testCases.LoginPageDDT" tests="3" failures="0" timestamp="27 Dec 2021 08:35:17 GMT" time="27.053" errors="0">
  <testcase name="loginTest" time="7.463" classname="com.nopCommerce.testCases.LoginPageDDT"/>
  <testcase name="loginTest" time="12.339" classname="com.nopCommerce.testCases.LoginPageDDT"/>
  <testcase name="loginTest" time="7.251" classname="com.nopCommerce.testCases.LoginPageDDT"/>
</testsuite> <!-- com.nopCommerce.testCases.LoginPageDDT -->
