<?xml version="1.0" encoding="UTF-8"?>
<!-- Generated by org.testng.reporters.JUnitReportReporter -->
<testsuite skipped="0" hostname="LIN59017991" name="com.nopCommerce.testCases.HomePageTest" tests="3" failures="0" timestamp="21 Dec 2021 14:15:55 GMT" time="74.141" errors="0">
  <testcase name="validateHomePageLogoTest" time="24.522" classname="com.nopCommerce.testCases.HomePageTest"/>
  <testcase name="clickOnCatalogLinkTest" time="22.663" classname="com.nopCommerce.testCases.HomePageTest"/>
  <testcase name="clickOnProductLinkTest" time="26.956" classname="com.nopCommerce.testCases.HomePageTest"/>
</testsuite> <!-- com.nopCommerce.testCases.HomePageTest -->
