<?xml version="1.0" encoding="UTF-8"?>
<!-- Generated by org.testng.reporters.JUnitReportReporter -->
<testsuite skipped="0" hostname="LIN59017991" name="com.nopCommerce.testCases.LoginPageTest" tests="3" failures="0" timestamp="27 Dec 2021 09:41:25 GMT" time="25.308" errors="0">
  <testcase name="validateLoginPageTitleTest" time="5.298" classname="com.nopCommerce.testCases.LoginPageTest"/>
  <testcase name="validateLoginPageTextTest" time="6.233" classname="com.nopCommerce.testCases.LoginPageTest"/>
  <testcase name="loginTest" time="13.777" classname="com.nopCommerce.testCases.LoginPageTest"/>
</testsuite> <!-- com.nopCommerce.testCases.LoginPageTest -->
