<?xml version="1.0" encoding="UTF-8"?>
<!-- Generated by org.testng.reporters.JUnitReportReporter -->
<testsuite skipped="0" hostname="LIN59017991" name="com.nopCommerce.testCases.ProductPageTest" tests="3" failures="0" timestamp="23 Dec 2021 11:03:28 GMT" time="72.787" errors="0">
  <testcase name="validateProductTextTest" time="22.646" classname="com.nopCommerce.testCases.ProductPageTest"/>
  <testcase name="clickOnProductTest" time="22.527" classname="com.nopCommerce.testCases.ProductPageTest"/>
  <testcase name="addProductDetailsTest" time="27.614" classname="com.nopCommerce.testCases.ProductPageTest"/>
</testsuite> <!-- com.nopCommerce.testCases.ProductPageTest -->
