<?xml version="1.0" encoding="UTF-8"?>
<!-- Generated by org.testng.reporters.JUnitReportReporter -->
<testsuite skipped="0" hostname="LIN59017991" name="com.nopCommerce.testCases.LoginPageTest" tests="3" failures="0" timestamp="2021-12-27T15:27:31 IST" time="33.739" errors="0">
  <testcase name="validateLoginPageTitleTest" time="9.733" classname="com.nopCommerce.testCases.LoginPageTest"/>
  <system-out/>
  <testcase name="validateLoginPageTextTest" time="10.631" classname="com.nopCommerce.testCases.LoginPageTest"/>
  <system-out/>
  <testcase name="loginTest" time="13.375" classname="com.nopCommerce.testCases.LoginPageTest"/>
  <system-out/>
</testsuite> <!-- com.nopCommerce.testCases.LoginPageTest -->
